Tue Jun 27 2023 3:0:59 } [PH] info: 🛢   Database is connected successfully
Tue Jun 27 2023 3:1:0 } [PH] info: Application  listening on port 5000
Tue Jun 27 2023 3:4:49 } [PH] info: 🛢   Database is connected successfully
Tue Jun 27 2023 3:4:49 } [PH] info: Application  listening on port 5000
Tue Jun 27 2023 3:9:12 } [PH] info: 🛢   Database is connected successfully
Tue Jun 27 2023 3:9:12 } [PH] info: Application  listening on port 5000
Tue Jun 27 2023 3:36:40 } [UM] info: 🛢   Database is connected successfully
Tue Jun 27 2023 3:36:40 } [UM] info: Application  listening on port 5000
{
  message: '🛢   Database is connected successfully',
  level: 'info',
  label: 'UM',
  timestamp: '2023-06-26T21:38:49.834Z'
}
{
  message: 'Application  listening on port 5000',
  level: 'info',
  label: 'UM',
  timestamp: '2023-06-26T21:38:49.838Z'
}
{
  message: '🛢   Database is connected successfully',
  level: 'info',
  label: 'UM',
  timestamp: '2023-06-26T21:39:01.179Z'
}
{
  message: 'Application  listening on port 5000',
  level: 'info',
  label: 'UM',
  timestamp: '2023-06-26T21:39:01.185Z'
}
{
  message: '🛢   Database is connected successfully',
  level: 'info',
  label: 'UM',
  timestamp: '2023-06-26T21:42:23.846Z'
}
{
  message: 'Application  listening on port 5000',
  level: 'info',
  label: 'UM',
  timestamp: '2023-06-26T21:42:23.853Z'
}
