{
  message: '🛢   Database is connected successfully',
  level: 'info',
  label: 'UM',
  timestamp: '2023-06-28T09:09:48.657Z'
}
{
  message: 'Application  listening on port 5000',
  level: 'info',
  label: 'UM',
  timestamp: '2023-06-28T09:09:48.673Z'
}
{
  message: '🛢   Database is connected successfully',
  level: 'info',
  label: 'UM',
  timestamp: '2023-06-28T09:10:08.546Z'
}
{
  message: 'Application  listening on port 5000',
  level: 'info',
  label: 'UM',
  timestamp: '2023-06-28T09:10:08.552Z'
}
{
  message: '🛢   Database is connected successfully',
  level: 'info',
  label: 'UM',
  timestamp: '2023-06-28T09:11:46.761Z'
}
{
  message: 'Application  listening on port 5000',
  level: 'info',
  label: 'UM',
  timestamp: '2023-06-28T09:11:46.766Z'
}
{
  message: '🛢   Database is connected successfully',
  level: 'info',
  label: 'UM',
  timestamp: '2023-06-28T09:45:04.202Z'
}
{
  message: 'Application  listening on port 5000',
  level: 'info',
  label: 'UM',
  timestamp: '2023-06-28T09:45:04.207Z'
}
{
  message: '🛢   Database is connected successfully',
  level: 'info',
  label: 'UM',
  timestamp: '2023-06-28T09:45:08.262Z'
}
{
  message: 'Application  listening on port 5000',
  level: 'info',
  label: 'UM',
  timestamp: '2023-06-28T09:45:08.267Z'
}
{
  message: '🛢   Database is connected successfully',
  level: 'info',
  label: 'UM',
  timestamp: '2023-06-28T09:45:42.072Z'
}
{
  message: 'Application  listening on port 5000',
  level: 'info',
  label: 'UM',
  timestamp: '2023-06-28T09:45:42.080Z'
}
{
  message: '🛢   Database is connected successfully',
  level: 'info',
  label: 'UM',
  timestamp: '2023-06-28T09:46:22.784Z'
}
{
  message: 'Application  listening on port 5000',
  level: 'info',
  label: 'UM',
  timestamp: '2023-06-28T09:46:22.790Z'
}
