{
  message: '🛢   Database is connected successfully',
  level: 'info',
  label: 'UM',
  timestamp: '2023-06-27T08:22:59.224Z'
}
{
  message: 'Application  listening on port 5000',
  level: 'info',
  label: 'UM',
  timestamp: '2023-06-27T08:22:59.285Z'
}
{
  message: '🛢   Database is connected successfully',
  level: 'info',
  label: 'UM',
  timestamp: '2023-06-27T08:24:04.359Z'
}
{
  message: 'Application  listening on port 5000',
  level: 'info',
  label: 'UM',
  timestamp: '2023-06-27T08:24:04.364Z'
}
{
  message: '🛢   Database is connected successfully',
  level: 'info',
  label: 'UM',
  timestamp: '2023-06-27T08:24:30.156Z'
}
{
  message: 'Application  listening on port 5000',
  level: 'info',
  label: 'UM',
  timestamp: '2023-06-27T08:24:30.161Z'
}
{
  message: '🛢   Database is connected successfully',
  level: 'info',
  label: 'UM',
  timestamp: '2023-06-27T08:30:49.343Z'
}
{
  message: 'Application  listening on port 5000',
  level: 'info',
  label: 'UM',
  timestamp: '2023-06-27T08:30:49.348Z'
}
{
  message: '🛢   Database is connected successfully',
  level: 'info',
  label: 'UM',
  timestamp: '2023-06-27T08:33:18.426Z'
}
{
  message: 'Application  listening on port 5000',
  level: 'info',
  label: 'UM',
  timestamp: '2023-06-27T08:33:18.431Z'
}
{
  message: '🛢   Database is connected successfully',
  level: 'info',
  label: 'UM',
  timestamp: '2023-06-27T08:33:36.962Z'
}
{
  message: 'Application  listening on port 5000',
  level: 'info',
  label: 'UM',
  timestamp: '2023-06-27T08:33:36.967Z'
}
{
  message: '🛢   Database is connected successfully',
  level: 'info',
  label: 'UM',
  timestamp: '2023-06-27T08:33:59.012Z'
}
{
  message: 'Application  listening on port 5000',
  level: 'info',
  label: 'UM',
  timestamp: '2023-06-27T08:33:59.019Z'
}
{
  message: '🛢   Database is connected successfully',
  level: 'info',
  label: 'UM',
  timestamp: '2023-06-27T08:37:07.957Z'
}
{
  message: 'Application  listening on port 5000',
  level: 'info',
  label: 'UM',
  timestamp: '2023-06-27T08:37:07.963Z'
}
{
  message: '🛢   Database is connected successfully',
  level: 'info',
  label: 'UM',
  timestamp: '2023-06-27T08:37:36.664Z'
}
{
  message: 'Application  listening on port 5000',
  level: 'info',
  label: 'UM',
  timestamp: '2023-06-27T08:37:36.669Z'
}
{
  message: '🛢   Database is connected successfully',
  level: 'info',
  label: 'UM',
  timestamp: '2023-06-27T08:39:41.609Z'
}
{
  message: 'Application  listening on port 5000',
  level: 'info',
  label: 'UM',
  timestamp: '2023-06-27T08:39:41.614Z'
}
{
  message: '🛢   Database is connected successfully',
  level: 'info',
  label: 'UM',
  timestamp: '2023-06-27T08:41:24.901Z'
}
{
  message: 'Application  listening on port 5000',
  level: 'info',
  label: 'UM',
  timestamp: '2023-06-27T08:41:24.907Z'
}
{
  message: '🛢   Database is connected successfully',
  level: 'info',
  label: 'UM',
  timestamp: '2023-06-27T08:46:46.090Z'
}
{
  message: 'Application  listening on port 5000',
  level: 'info',
  label: 'UM',
  timestamp: '2023-06-27T08:46:46.095Z'
}
